android/build/intermediates/manifest_merge_blame_file/debug/manifest-merger-blame-debug-report.txt
1<?xml version="1.0" encoding="utf-8"?>
2<manifest xmlns:android="http://schemas.android.com/apk/res/android"
3    package="com.mygdx.game"
4    android:versionCode="1"
5    android:versionName="1.0" >
6
7    <uses-sdk
7-->CCSprite\android\AndroidManifest.xml:7:5-73
8        android:minSdkVersion="30"
8-->CCSprite\android\AndroidManifest.xml:7:15-40
9        android:targetSdkVersion="31" />
9-->CCSprite\android\AndroidManifest.xml:7:41-70
10
11    <application
11-->CCSprite\android\AndroidManifest.xml:9:5-24:19
12        android:allowBackup="true"
12-->CCSprite\android\AndroidManifest.xml:10:9-35
13        android:debuggable="true"
14        android:icon="@drawable/ic_launcher"
14-->CCSprite\android\AndroidManifest.xml:11:9-45
15        android:label="@string/app_name"
15-->CCSprite\android\AndroidManifest.xml:12:9-41
16        android:testOnly="true"
17        android:theme="@style/GdxTheme" >
17-->CCSprite\android\AndroidManifest.xml:13:9-40
18        <activity
18-->CCSprite\android\AndroidManifest.xml:14:9-23:20
19            android:name="com.ccsprite.game.AndroidLauncher"
19-->CCSprite\android\AndroidManifest.xml:15:13-61
20            android:configChanges="keyboard|keyboardHidden|orientation|screenSize"
20-->CCSprite\android\AndroidManifest.xml:18:13-83
21            android:label="@string/app_name"
21-->CCSprite\android\AndroidManifest.xml:16:13-45
22            android:screenOrientation="landscape" >
22-->CCSprite\android\AndroidManifest.xml:17:13-50
23            <intent-filter>
23-->CCSprite\android\AndroidManifest.xml:19:13-22:29
24                <action android:name="android.intent.action.MAIN" />
24-->CCSprite\android\AndroidManifest.xml:20:17-69
24-->CCSprite\android\AndroidManifest.xml:20:25-66
25
26                <category android:name="android.intent.category.LAUNCHER" />
26-->CCSprite\android\AndroidManifest.xml:21:17-77
26-->CCSprite\android\AndroidManifest.xml:21:27-74
27            </intent-filter>
28        </activity>
29    </application>
30
31</manifest>